# JRE version: Java(TM) SE Runtime Environment (17.0.2+8) (build 17.0.2+8-LTS-86)
# Java VM: Java HotSpot(TM) 64-Bit Server VM (17.0.2+8-LTS-86, mixed mode, sharing, tiered, compressed oops, compressed class ptrs, g1 gc, windows-amd64)
GC Precious Log:
 CPUs: 8 total, 8 available
 Memory: 16275M
 Large Page Support: Disabled
 NUMA Support: Disabled
 Compressed Oops: Enabled (Zero based)
 Heap Region Size: 2M
 Heap Min Capacity: 8M
 Heap Initial Capacity: 256M
 Heap Max Capacity: 4070M
 Pre-touch: Disabled
 Parallel Workers: 8
 Concurrent Workers: 2
 Concurrent Refinement Workers: 8
 Periodic GC: Disabled
Heap:
 garbage-first heap   total 133120K, used 59840K [0x0000000701a00000, 0x0000000800000000)
  region size 2048K, 7 young (14336K), 1 survivors (2048K)
 Metaspace       used 42062K, committed 42432K, reserved 1089536K
  class space    used 5004K, committed 5184K, reserved 1048576K
GC Heap History (20 events):
Event: 13.277 GC heap before
{Heap before GC invocations=13 (full 0):
 garbage-first heap   total 71680K, used 53010K [0x0000000701a00000, 0x0000000800000000)
  region size 2048K, 9 young (18432K), 1 survivors (2048K)
 Metaspace       used 36899K, committed 37248K, reserved 1089536K
  class space    used 4467K, committed 4608K, reserved 1048576K
}
Event: 13.279 GC heap after
{Heap after GC invocations=14 (full 0):
 garbage-first heap   total 71680K, used 38953K [0x0000000701a00000, 0x0000000800000000)
  region size 2048K, 1 young (2048K), 1 survivors (2048K)
 Metaspace       used 36899K, committed 37248K, reserved 1089536K
  class space    used 4467K, committed 4608K, reserved 1048576K
}
Event: 13.453 GC heap before
{Heap before GC invocations=15 (full 0):
 garbage-first heap   total 75776K, used 57385K [0x0000000701a00000, 0x0000000800000000)
  region size 2048K, 10 young (20480K), 1 survivors (2048K)
 Metaspace       used 38333K, committed 38656K, reserved 1089536K
  class space    used 4643K, committed 4800K, reserved 1048576K
}
Event: 13.455 GC heap after
{Heap after GC invocations=16 (full 0):
 garbage-first heap   total 75776K, used 39211K [0x0000000701a00000, 0x0000000800000000)
  region size 2048K, 1 young (2048K), 1 survivors (2048K)
 Metaspace       used 38333K, committed 38656K, reserved 1089536K
  class space    used 4643K, committed 4800K, reserved 1048576K
}
Event: 14.463 GC heap before
{Heap before GC invocations=16 (full 0):
 garbage-first heap   total 75776K, used 61739K [0x0000000701a00000, 0x0000000800000000)
  region size 2048K, 12 young (24576K), 1 survivors (2048K)
 Metaspace       used 40081K, committed 40384K, reserved 1089536K
  class space    used 4888K, committed 5056K, reserved 1048576K
}
Event: 14.467 GC heap after
{Heap after GC invocations=17 (full 0):
 garbage-first heap   total 104448K, used 40202K [0x0000000701a00000, 0x0000000800000000)
  region size 2048K, 2 young (4096K), 2 survivors (4096K)
 Metaspace       used 40081K, committed 40384K, reserved 1089536K
  class space    used 4888K, committed 5056K, reserved 1048576K
}
Event: 14.783 GC heap before
{Heap before GC invocations=18 (full 0):
 garbage-first heap   total 104448K, used 93450K [0x0000000701a00000, 0x0000000800000000)
  region size 2048K, 8 young (16384K), 2 survivors (4096K)
 Metaspace       used 40701K, committed 40960K, reserved 1089536K
  class space    used 4926K, committed 5056K, reserved 1048576K
}
Event: 14.789 GC heap after
{Heap after GC invocations=19 (full 0):
 garbage-first heap   total 106496K, used 53428K [0x0000000701a00000, 0x0000000800000000)
  region size 2048K, 3 young (6144K), 3 survivors (6144K)
 Metaspace       used 40701K, committed 40960K, reserved 1089536K
  class space    used 4926K, committed 5056K, reserved 1048576K
}
Event: 14.801 GC heap before
{Heap before GC invocations=19 (full 0):
 garbage-first heap   total 106496K, used 53428K [0x0000000701a00000, 0x0000000800000000)
  region size 2048K, 4 young (8192K), 3 survivors (6144K)
 Metaspace       used 40734K, committed 41024K, reserved 1089536K
  class space    used 4929K, committed 5056K, reserved 1048576K
}
Event: 14.806 GC heap after
{Heap after GC invocations=20 (full 0):
 garbage-first heap   total 106496K, used 54113K [0x0000000701a00000, 0x0000000800000000)
  region size 2048K, 1 young (2048K), 1 survivors (2048K)
 Metaspace       used 40734K, committed 41024K, reserved 1089536K
  class space    used 4929K, committed 5056K, reserved 1048576K
}
Event: 14.972 GC heap before
{Heap before GC invocations=20 (full 0):
 garbage-first heap   total 106496K, used 60257K [0x0000000701a00000, 0x0000000800000000)
  region size 2048K, 6 young (12288K), 1 survivors (2048K)
 Metaspace       used 40814K, committed 41088K, reserved 1089536K
  class space    used 4935K, committed 5056K, reserved 1048576K
}
Event: 14.974 GC heap after
{Heap after GC invocations=21 (full 0):
 garbage-first heap   total 106496K, used 57309K [0x0000000701a00000, 0x0000000800000000)
  region size 2048K, 2 young (4096K), 2 survivors (4096K)
 Metaspace       used 40814K, committed 41088K, reserved 1089536K
  class space    used 4935K, committed 5056K, reserved 1048576K
}
Event: 17.630 GC heap before
{Heap before GC invocations=22 (full 0):
 garbage-first heap   total 120832K, used 94173K [0x0000000701a00000, 0x0000000800000000)
  region size 2048K, 13 young (26624K), 2 survivors (4096K)
 Metaspace       used 41497K, committed 41792K, reserved 1089536K
  class space    used 4982K, committed 5120K, reserved 1048576K
}
Event: 17.633 GC heap after
{Heap after GC invocations=23 (full 0):
 garbage-first heap   total 120832K, used 53552K [0x0000000701a00000, 0x0000000800000000)
  region size 2048K, 1 young (2048K), 1 survivors (2048K)
 Metaspace       used 41497K, committed 41792K, reserved 1089536K
  class space    used 4982K, committed 5120K, reserved 1048576K
}
Event: 19.211 GC heap before
{Heap before GC invocations=23 (full 0):
 garbage-first heap   total 120832K, used 76080K [0x0000000701a00000, 0x0000000800000000)
  region size 2048K, 13 young (26624K), 1 survivors (2048K)
 Metaspace       used 41705K, committed 42048K, reserved 1089536K
  class space    used 4984K, committed 5120K, reserved 1048576K
}
Event: 19.212 GC heap after
{Heap after GC invocations=24 (full 0):
 garbage-first heap   total 120832K, used 54468K [0x0000000701a00000, 0x0000000800000000)
  region size 2048K, 1 young (2048K), 1 survivors (2048K)
 Metaspace       used 41705K, committed 42048K, reserved 1089536K
  class space    used 4984K, committed 5120K, reserved 1048576K
}
Event: 19.213 GC heap before
{Heap before GC invocations=24 (full 0):
 garbage-first heap   total 120832K, used 56516K [0x0000000701a00000, 0x0000000800000000)
  region size 2048K, 2 young (4096K), 1 survivors (2048K)
 Metaspace       used 41706K, committed 42048K, reserved 1089536K
  class space    used 4984K, committed 5120K, reserved 1048576K
}
Event: 19.214 GC heap after
{Heap after GC invocations=25 (full 0):
 garbage-first heap   total 120832K, used 56985K [0x0000000701a00000, 0x0000000800000000)
  region size 2048K, 1 young (2048K), 1 survivors (2048K)
 Metaspace       used 41706K, committed 42048K, reserved 1089536K
  class space    used 4984K, committed 5120K, reserved 1048576K
}
Event: 26.072 GC heap before
{Heap before GC invocations=26 (full 0):
 garbage-first heap   total 133120K, used 106137K [0x0000000701a00000, 0x0000000800000000)
  region size 2048K, 18 young (36864K), 1 survivors (2048K)
 Metaspace       used 41991K, committed 42304K, reserved 1089536K
  class space    used 5000K, committed 5120K, reserved 1048576K
}
Event: 26.074 GC heap after
{Heap after GC invocations=27 (full 0):
 garbage-first heap   total 133120K, used 51648K [0x0000000701a00000, 0x0000000800000000)
  region size 2048K, 1 young (2048K), 1 survivors (2048K)
 Metaspace       used 41991K, committed 42304K, reserved 1089536K
  class space    used 5000K, committed 5120K, reserved 1048576K
}

